<?xml version="1.0" encoding="UTF-8" ?>
<testsuite tests="4" failures="0" name="org.jhotdraw.draw.action.GroupingBehaviorTest" time="0.915" errors="0" skipped="0">
  <properties>
    <property name="java.runtime.name" value="Java(TM) SE Runtime Environment"/>
    <property name="java.vm.version" value="13.0.2+8"/>
    <property name="sun.boot.library.path" value="C:\Program Files\Java\jdk-13.0.2\bin"/>
    <property name="user.country.format" value="DK"/>
    <property name="maven.multiModuleProjectDirectory" value="C:\Users\asbjo\IdeaProjects\SB-MAI-E21-4\JHotDraw"/>
    <property name="java.vm.vendor" value="Oracle Corporation"/>
    <property name="java.vendor.url" value="https://java.oracle.com/"/>
    <property name="guice.disable.misplaced.annotation.check" value="true"/>
    <property name="path.separator" value=";"/>
    <property name="java.vm.name" value="Java HotSpot(TM) 64-Bit Server VM"/>
    <property name="sun.os.patch.level" value=""/>
    <property name="user.script" value=""/>
    <property name="user.country" value="GB"/>
    <property name="sun.java.launcher" value="SUN_STANDARD"/>
    <property name="java.vm.specification.name" value="Java Virtual Machine Specification"/>
    <property name="user.dir" value="C:\Users\asbjo\IdeaProjects\SB-MAI-E21-4\JHotDraw"/>
    <property name="java.vm.compressedOopsMode" value="32-bit"/>
    <property name="java.runtime.version" value="13.0.2+8"/>
    <property name="os.arch" value="amd64"/>
    <property name="java.io.tmpdir" value="C:\Users\asbjo\AppData\Local\Temp\"/>
    <property name="line.separator" value="
"/>
    <property name="java.vm.specification.vendor" value="Oracle Corporation"/>
    <property name="user.variant" value=""/>
    <property name="os.name" value="Windows 10"/>
    <property name="maven.ext.class.path" value="C:\Program Files\NetBeans-12.4\netbeans\java\maven-nblib\netbeans-eventspy.jar"/>
    <property name="classworlds.conf" value="C:\Program Files\NetBeans-12.4\netbeans\java\maven\bin\..\bin\m2.conf"/>
    <property name="sun.jnu.encoding" value="Cp1252"/>
    <property name="java.library.path" value="C:\Program Files\Java\jdk-13.0.2\bin;C:\WINDOWS\Sun\Java\bin;C:\WINDOWS\system32;C:\WINDOWS;C:\Python38\Scripts\;C:\Python38\;C:\Program Files (x86)\Common Files\Oracle\Java\javapath;C:\windows\system32;C:\windows;C:\windows\System32\Wbem;C:\windows\System32\WindowsPowerShell\v1.0\;C:\windows\System32\OpenSSH\;C:\Program Files (x86)\NVIDIA Corporation\PhysX\Common;C:\Program Files\NVIDIA Corporation\NVIDIA NvDLISR;C:\Program Files\Git\cmd;C:\WINDOWS\system32;C:\WINDOWS;C:\WINDOWS\System32\Wbem;C:\WINDOWS\System32\WindowsPowerShell\v1.0\;C:\WINDOWS\System32\OpenSSH\;C:\Program Files\Docker\Docker\resources\bin;C:\ProgramData\DockerDesktop\version-bin;C:\Program Files\nodejs\;C:\ProgramData\chocolatey\bin;C:\Users\asbjo\AppData\Local\Programs\Python\Python38-32\Scripts\;C:\Users\asbjo\AppData\Local\Programs\Python\Python38-32\;C:\Users\asbjo\AppData\Local\Microsoft\WindowsApps;C:\Users\asbjo\AppData\Local\GitHubDesktop\bin;C:\Users\asbjo\AppData\Local\Microsoft\WindowsApps;C:\Users\asbjo\AppData\Local\Programs\Microsoft VS Code\bin;C:\Program Files (x86)\GitHub CLI\;C:\Users\asbjo\AppData\Roaming\npm;C:\lib\apache-maven-3.8.1\bin;C:\lib\adopt-openjdk-1.8.0_282\adopt-openjdk-1.8.0_282\bin;C:\HashiCorp\Vagrant\bin;C:\Program Files\Packer\packer_1.7.6_windows_amd64;C:\Users\asbjo\anaconda3;C:\Users\asbjo\anaconda3\Library\mingw-w64\bin;C:\Users\asbjo\anaconda3\Library\usr\bin;C:\Users\asbjo\anaconda3\Library\bin;C:\Users\asbjo\anaconda3\Scripts;C:\Users\asbjo\AppData\Local\Programs\Python\Python38-32\Scripts\;C:\Users\asbjo\AppData\Local\Programs\Python\Python38-32\;C:\Users\asbjo\AppData\Local\Microsoft\WindowsApps;C:\Users\asbjo\AppData\Local\GitHubDesktop\bin;C:\Users\asbjo\AppData\Local\Microsoft\WindowsApps;C:\Users\asbjo\AppData\Local\Programs\Microsoft VS Code\bin;C:\Program Files (x86)\GitHub CLI\;C:\Users\asbjo\AppData\Roaming\npm;C:\Users\asbjo\AppData\Local\gitkraken\bin;;."/>
    <property name="maven.conf" value="C:\Program Files\NetBeans-12.4\netbeans\java\maven\bin\../conf"/>
    <property name="jdk.debug" value="release"/>
    <property name="java.class.version" value="57.0"/>
    <property name="java.specification.name" value="Java Platform API Specification"/>
    <property name="sun.management.compiler" value="HotSpot 64-Bit Tiered Compilers"/>
    <property name="os.version" value="10.0"/>
    <property name="library.jansi.path" value="C:\Program Files\NetBeans-12.4\netbeans\java\maven\bin\..\lib\jansi-native"/>
    <property name="user.home" value="C:\Users\asbjo"/>
    <property name="user.timezone" value="Europe/Copenhagen"/>
    <property name="file.encoding" value="UTF-8"/>
    <property name="java.specification.version" value="13"/>
    <property name="user.name" value="asbjo"/>
    <property name="java.class.path" value="C:\Program Files\NetBeans-12.4\netbeans\java\maven\bin\..\boot\plexus-classworlds-2.6.0.jar"/>
    <property name="java.vm.specification.version" value="13"/>
    <property name="sun.arch.data.model" value="64"/>
    <property name="sun.java.command" value="org.codehaus.plexus.classworlds.launcher.Launcher -Dmaven.ext.class.path=C:\Program Files\NetBeans-12.4\netbeans\java\maven-nblib\netbeans-eventspy.jar test"/>
    <property name="java.home" value="C:\Program Files\Java\jdk-13.0.2"/>
    <property name="user.language" value="en"/>
    <property name="java.specification.vendor" value="Oracle Corporation"/>
    <property name="java.vm.info" value="mixed mode, sharing"/>
    <property name="java.version" value="13.0.2"/>
    <property name="java.vendor" value="Oracle Corporation"/>
    <property name="maven.home" value="C:\Program Files\NetBeans-12.4\netbeans\java\maven\bin\.."/>
    <property name="file.separator" value="\"/>
    <property name="java.version.date" value="2020-01-14"/>
    <property name="java.vendor.url.bug" value="https://bugreport.java.com/bugreport/"/>
    <property name="sun.io.unicode.encoding" value="UnicodeLittle"/>
    <property name="sun.cpu.endian" value="little"/>
    <property name="sun.cpu.isalist" value="amd64"/>
  </properties>
  <testcase classname="org.jhotdraw.draw.action.GroupingBehaviorTest" name="selectingGroupFiguresAndGroupingThemResultsInJustThoseFiguresBeingGrouped" time="0.901"/>
  <testcase classname="org.jhotdraw.draw.action.GroupingBehaviorTest" name="selectingSimpleFiguresAndGroupingThemResultsInJustThoseFiguresBeingGrouped" time="0.003"/>
  <testcase classname="org.jhotdraw.draw.action.GroupingBehaviorTest" name="selectingAGroupFigureAndUngroupingItResultsInItsChildrenBeingAddedAndItselfRemovedFromTheDrawing" time="0.003"/>
  <testcase classname="org.jhotdraw.draw.action.GroupingBehaviorTest" name="selectingAnEmptyGroupFigureAndUngroupingItResultsInItBeingRemovedFromTheDrawing" time="0.008"/>
</testsuite>